# NAME: Rules
# AUTHOR: KempeR1t
# REPO: https://github.com/KempeR1t/Shadowrocket-config
# UPDATED: 2024-08-05
DOMAIN-SUFFIX,ai.google.dev
DOMAIN-SUFFIX,aol.com
DOMAIN-SUFFIX,bbc.com
DOMAIN-SUFFIX,bloomberg.com
DOMAIN-SUFFIX,browserleaks.com
DOMAIN-SUFFIX,canva.com
DOMAIN-SUFFIX,cdnfbsbx.com,force-remote-dns
DOMAIN-SUFFIX,dailymotion.com
DOMAIN-SUFFIX,dell.com
DOMAIN-SUFFIX,dyson.com
DOMAIN-SUFFIX,etahub.com
DOMAIN-SUFFIX,f.vision
DOMAIN-SUFFIX,flibusta.is
DOMAIN-SUFFIX,g2a.com
DOMAIN-SUFFIX,gaytube.com
DOMAIN-SUFFIX,getoutline.org
DOMAIN-SUFFIX,gmail.com
DOMAIN-SUFFIX,gravatar.com
DOMAIN-SUFFIX,iherb.com
DOMAIN-SUFFIX,intel.com
DOMAIN-SUFFIX,kahoot.com
DOMAIN-SUFFIX,kino.pub
DOMAIN-SUFFIX,kinozal.tv
DOMAIN-SUFFIX,line.me
DOMAIN-SUFFIX,livefootball.su
DOMAIN-SUFFIX,lostfilm.today
DOMAIN-SUFFIX,medium.com
DOMAIN-SUFFIX,meduza.io
DOMAIN-SUFFIX,meta.com
DOMAIN-SUFFIX,metacritic.com
DOMAIN-SUFFIX,mos-gorsud.org
DOMAIN-SUFFIX,netflix.com
DOMAIN-SUFFIX,netpeaksoftware.com
DOMAIN-SUFFIX,nnmclub.to
DOMAIN-SUFFIX,openwrt.org
DOMAIN-SUFFIX,patreon.com
DOMAIN-SUFFIX,phncdn.com
DOMAIN-SUFFIX,phprcdn.com
DOMAIN-SUFFIX,porngub.com
DOMAIN-SUFFIX,pornhub-deutsch.net
DOMAIN-SUFFIX,pornhubapparel.com
DOMAIN-SUFFIX,pornhub.com
DOMAIN-SUFFIX,pornhub.org
DOMAIN-SUFFIX,pornhubpremium.com
DOMAIN-SUFFIX,prntscr.com
DOMAIN-SUFFIX,proton.me
DOMAIN-SUFFIX,quora.com
DOMAIN-SUFFIX,rutor.info
DOMAIN-SUFFIX,saveyourdata.info
DOMAIN-SUFFIX,setapp.com
DOMAIN-SUFFIX,skladchik.com
DOMAIN-SUFFIX,skladchina.biz
DOMAIN-SUFFIX,slideshare.net
DOMAIN-SUFFIX,subito.it
DOMAIN-SUFFIX,soundcloud.com
DOMAIN-SUFFIX,spotify.com
DOMAIN-SUFFIX,t.co
DOMAIN-SUFFIX,tinder.com
DOMAIN-SUFFIX,tumblr.com
DOMAIN-SUFFIX,twimg.com
DOMAIN-SUFFIX,twirpx.com
DOMAIN-SUFFIX,twitthat.com
DOMAIN-SUFFIX,twtkr.com
DOMAIN-SUFFIX,twttr.com
DOMAIN-SUFFIX,vimeo.com
DOMAIN-SUFFIX,vimeocdn.com
DOMAIN-SUFFIX,yt3.ggpht.com
DOMAIN-SUFFIX,zona.media
#KEYWORD
DOMAIN-KEYWORD,hdrezka
DOMAIN-KEYWORD,kinopub
DOMAIN-KEYWORD,musical.ly
DOMAIN-KEYWORD,pornhub
DOMAIN-KEYWORD,tiktok
DOMAIN-KEYWORD,tinder
DOMAIN-KEYWORD,twitter
DOMAIN-KEYWORD,aistudio
DOMAIN-KEYWORD,rutracker
